{"/home/mingram/Documents/olinjs/lessons/07-apis-debugging/homework/app.js":{"path":"/home/mingram/Documents/olinjs/lessons/07-apis-debugging/homework/app.js","s":{"1":1,"2":1,"3":1,"4":1,"5":1,"6":1,"7":1,"8":1,"9":1,"10":1,"11":1,"12":1,"13":1,"14":1,"15":1,"16":1,"17":1,"18":1,"19":1,"20":1,"21":1,"22":1,"23":1,"24":1,"25":1,"26":1,"27":1,"28":1,"29":1,"30":1,"31":1,"32":1,"33":1,"34":1,"35":1,"36":1,"37":1,"38":1,"39":1,"40":1,"41":1,"42":1,"43":1,"44":1,"45":1,"46":1,"47":1,"48":0,"49":1},"b":{"1":[1,1],"2":[0,1]},"f":{"1":1,"2":1},"fnMap":{"1":{"name":"(anonymous_1)","line":48,"loc":{"start":{"line":48,"column":16},"end":{"line":48,"column":27}}},"2":{"name":"(anonymous_2)","line":82,"loc":{"start":{"line":82,"column":17},"end":{"line":82,"column":31}}}},"statementMap":{"1":{"start":{"line":1,"column":0},"end":{"line":1,"column":27}},"2":{"start":{"line":2,"column":0},"end":{"line":2,"column":31}},"3":{"start":{"line":3,"column":0},"end":{"line":3,"column":44}},"4":{"start":{"line":4,"column":0},"end":{"line":4,"column":40}},"5":{"start":{"line":5,"column":0},"end":{"line":5,"column":33}},"6":{"start":{"line":6,"column":0},"end":{"line":6,"column":43}},"7":{"start":{"line":7,"column":0},"end":{"line":7,"column":47}},"8":{"start":{"line":8,"column":0},"end":{"line":8,"column":35}},"9":{"start":{"line":9,"column":0},"end":{"line":9,"column":39}},"10":{"start":{"line":10,"column":0},"end":{"line":10,"column":41}},"11":{"start":{"line":11,"column":0},"end":{"line":11,"column":35}},"12":{"start":{"line":12,"column":0},"end":{"line":12,"column":40}},"13":{"start":{"line":14,"column":0},"end":{"line":14,"column":36}},"14":{"start":{"line":15,"column":0},"end":{"line":15,"column":45}},"15":{"start":{"line":17,"column":0},"end":{"line":17,"column":20}},"16":{"start":{"line":19,"column":0},"end":{"line":19,"column":48}},"17":{"start":{"line":21,"column":0},"end":{"line":21,"column":23}},"18":{"start":{"line":22,"column":0},"end":{"line":22,"column":27}},"19":{"start":{"line":23,"column":0},"end":{"line":23,"column":52}},"20":{"start":{"line":24,"column":0},"end":{"line":24,"column":24}},"21":{"start":{"line":25,"column":0},"end":{"line":25,"column":56}},"22":{"start":{"line":27,"column":0},"end":{"line":27,"column":70}},"23":{"start":{"line":31,"column":0},"end":{"line":31,"column":56}},"24":{"start":{"line":32,"column":0},"end":{"line":34,"column":31}},"25":{"start":{"line":36,"column":0},"end":{"line":36,"column":31}},"26":{"start":{"line":37,"column":0},"end":{"line":37,"column":28}},"27":{"start":{"line":38,"column":0},"end":{"line":38,"column":17}},"28":{"start":{"line":40,"column":0},"end":{"line":40,"column":43}},"29":{"start":{"line":42,"column":0},"end":{"line":42,"column":58}},"30":{"start":{"line":43,"column":0},"end":{"line":43,"column":37}},"31":{"start":{"line":46,"column":0},"end":{"line":46,"column":29}},"32":{"start":{"line":47,"column":0},"end":{"line":47,"column":65}},"33":{"start":{"line":48,"column":0},"end":{"line":50,"column":3}},"34":{"start":{"line":49,"column":2},"end":{"line":49,"column":33}},"35":{"start":{"line":53,"column":0},"end":{"line":53,"column":30}},"36":{"start":{"line":55,"column":0},"end":{"line":55,"column":43}},"37":{"start":{"line":56,"column":0},"end":{"line":56,"column":49}},"38":{"start":{"line":58,"column":0},"end":{"line":58,"column":35}},"39":{"start":{"line":60,"column":0},"end":{"line":64,"column":4}},"40":{"start":{"line":66,"column":0},"end":{"line":70,"column":4}},"41":{"start":{"line":72,"column":0},"end":{"line":72,"column":80}},"42":{"start":{"line":73,"column":0},"end":{"line":76,"column":2}},"43":{"start":{"line":78,"column":0},"end":{"line":78,"column":68}},"44":{"start":{"line":79,"column":0},"end":{"line":79,"column":42}},"45":{"start":{"line":81,"column":0},"end":{"line":81,"column":36}},"46":{"start":{"line":82,"column":0},"end":{"line":84,"column":3}},"47":{"start":{"line":83,"column":1},"end":{"line":83,"column":26}},"48":{"start":{"line":83,"column":10},"end":{"line":83,"column":26}},"49":{"start":{"line":87,"column":0},"end":{"line":87,"column":21}}},"branchMap":{"1":{"line":81,"type":"binary-expr","locations":[{"start":{"line":81,"column":11},"end":{"line":81,"column":27}},{"start":{"line":81,"column":31},"end":{"line":81,"column":35}}]},"2":{"line":83,"type":"if","locations":[{"start":{"line":83,"column":1},"end":{"line":83,"column":1}},{"start":{"line":83,"column":1},"end":{"line":83,"column":1}}]}}},"/home/mingram/Documents/olinjs/lessons/07-apis-debugging/homework/routes/index.js":{"path":"/home/mingram/Documents/olinjs/lessons/07-apis-debugging/homework/routes/index.js","s":{"1":1,"2":1,"3":1,"4":1,"5":1,"6":1,"7":1,"8":1,"9":1,"10":1,"11":0,"12":0,"13":1,"14":1,"15":1,"16":1,"17":1,"18":1,"19":1,"20":1,"21":1,"22":1,"23":1,"24":0,"25":0,"26":0,"27":1,"28":1,"29":0,"30":0,"31":0,"32":0,"33":0,"34":0,"35":0,"36":0,"37":0,"38":0,"39":0,"40":1,"41":0,"42":0,"43":0,"44":1,"45":1,"46":1,"47":1,"48":1,"49":1},"b":{"1":[0,1],"2":[0,1],"3":[0,1],"4":[0,0],"5":[0,0]},"f":{"1":1,"2":1,"3":0,"4":1,"5":1,"6":1,"7":1,"8":1,"9":0,"10":0,"11":0,"12":0,"13":0,"14":0,"15":0,"16":0,"17":1},"fnMap":{"1":{"name":"(anonymous_1)","line":9,"loc":{"start":{"line":9,"column":14},"end":{"line":9,"column":33}}},"2":{"name":"(anonymous_2)","line":12,"loc":{"start":{"line":12,"column":2},"end":{"line":12,"column":21}}},"3":{"name":"(anonymous_3)","line":14,"loc":{"start":{"line":14,"column":32},"end":{"line":14,"column":52}}},"4":{"name":"(anonymous_4)","line":21,"loc":{"start":{"line":21,"column":2},"end":{"line":21,"column":21}}},"5":{"name":"(anonymous_5)","line":22,"loc":{"start":{"line":22,"column":42},"end":{"line":22,"column":63}}},"6":{"name":"(anonymous_6)","line":26,"loc":{"start":{"line":26,"column":2},"end":{"line":26,"column":21}}},"7":{"name":"(anonymous_7)","line":27,"loc":{"start":{"line":27,"column":41},"end":{"line":27,"column":63}}},"8":{"name":"(anonymous_8)","line":31,"loc":{"start":{"line":31,"column":5},"end":{"line":31,"column":30}}},"9":{"name":"(anonymous_9)","line":37,"loc":{"start":{"line":37,"column":23},"end":{"line":37,"column":39}}},"10":{"name":"(anonymous_10)","line":50,"loc":{"start":{"line":50,"column":19},"end":{"line":50,"column":38}}},"11":{"name":"(anonymous_11)","line":52,"loc":{"start":{"line":52,"column":15},"end":{"line":52,"column":40}}},"12":{"name":"(anonymous_12)","line":54,"loc":{"start":{"line":54,"column":30},"end":{"line":54,"column":44}}},"13":{"name":"(anonymous_13)","line":59,"loc":{"start":{"line":59,"column":30},"end":{"line":59,"column":50}}},"14":{"name":"(anonymous_14)","line":61,"loc":{"start":{"line":61,"column":12},"end":{"line":61,"column":33}}},"15":{"name":"(anonymous_15)","line":69,"loc":{"start":{"line":69,"column":22},"end":{"line":69,"column":41}}},"16":{"name":"(anonymous_16)","line":71,"loc":{"start":{"line":71,"column":34},"end":{"line":71,"column":55}}},"17":{"name":"(anonymous_17)","line":77,"loc":{"start":{"line":77,"column":15},"end":{"line":77,"column":34}}}},"statementMap":{"1":{"start":{"line":1,"column":0},"end":{"line":1,"column":33}},"2":{"start":{"line":2,"column":0},"end":{"line":2,"column":29}},"3":{"start":{"line":3,"column":0},"end":{"line":3,"column":45}},"4":{"start":{"line":4,"column":0},"end":{"line":4,"column":47}},"5":{"start":{"line":5,"column":0},"end":{"line":5,"column":30}},"6":{"start":{"line":7,"column":0},"end":{"line":7,"column":24}},"7":{"start":{"line":9,"column":0},"end":{"line":48,"column":1}},"8":{"start":{"line":10,"column":1},"end":{"line":10,"column":22}},"9":{"start":{"line":11,"column":1},"end":{"line":46,"column":3}},"10":{"start":{"line":13,"column":3},"end":{"line":19,"column":4}},"11":{"start":{"line":14,"column":4},"end":{"line":16,"column":6}},"12":{"start":{"line":15,"column":5},"end":{"line":15,"column":25}},"13":{"start":{"line":18,"column":4},"end":{"line":18,"column":24}},"14":{"start":{"line":22,"column":3},"end":{"line":24,"column":5}},"15":{"start":{"line":23,"column":4},"end":{"line":23,"column":25}},"16":{"start":{"line":27,"column":3},"end":{"line":29,"column":5}},"17":{"start":{"line":28,"column":4},"end":{"line":28,"column":26}},"18":{"start":{"line":32,"column":3},"end":{"line":32,"column":25}},"19":{"start":{"line":33,"column":3},"end":{"line":33,"column":26}},"20":{"start":{"line":34,"column":3},"end":{"line":34,"column":27}},"21":{"start":{"line":35,"column":3},"end":{"line":35,"column":41}},"22":{"start":{"line":36,"column":3},"end":{"line":36,"column":38}},"23":{"start":{"line":37,"column":3},"end":{"line":41,"column":5}},"24":{"start":{"line":38,"column":4},"end":{"line":38,"column":29}},"25":{"start":{"line":39,"column":4},"end":{"line":39,"column":68}},"26":{"start":{"line":40,"column":4},"end":{"line":40,"column":17}},"27":{"start":{"line":43,"column":3},"end":{"line":43,"column":115}},"28":{"start":{"line":50,"column":0},"end":{"line":65,"column":1}},"29":{"start":{"line":51,"column":1},"end":{"line":51,"column":69}},"30":{"start":{"line":52,"column":1},"end":{"line":58,"column":6}},"31":{"start":{"line":53,"column":4},"end":{"line":53,"column":38}},"32":{"start":{"line":53,"column":13},"end":{"line":53,"column":38}},"33":{"start":{"line":54,"column":5},"end":{"line":56,"column":7}},"34":{"start":{"line":55,"column":6},"end":{"line":55,"column":24}},"35":{"start":{"line":59,"column":1},"end":{"line":64,"column":3}},"36":{"start":{"line":60,"column":2},"end":{"line":60,"column":32}},"37":{"start":{"line":61,"column":2},"end":{"line":63,"column":5}},"38":{"start":{"line":62,"column":3},"end":{"line":62,"column":37}},"39":{"start":{"line":62,"column":12},"end":{"line":62,"column":37}},"40":{"start":{"line":69,"column":0},"end":{"line":75,"column":1}},"41":{"start":{"line":71,"column":1},"end":{"line":74,"column":4}},"42":{"start":{"line":72,"column":2},"end":{"line":72,"column":17}},"43":{"start":{"line":73,"column":2},"end":{"line":73,"column":18}},"44":{"start":{"line":77,"column":0},"end":{"line":79,"column":1}},"45":{"start":{"line":78,"column":1},"end":{"line":78,"column":54}},"46":{"start":{"line":82,"column":0},"end":{"line":82,"column":30}},"47":{"start":{"line":83,"column":0},"end":{"line":83,"column":32}},"48":{"start":{"line":84,"column":0},"end":{"line":84,"column":38}},"49":{"start":{"line":85,"column":0},"end":{"line":85,"column":44}}},"branchMap":{"1":{"line":13,"type":"if","locations":[{"start":{"line":13,"column":3},"end":{"line":13,"column":3}},{"start":{"line":13,"column":3},"end":{"line":13,"column":3}}]},"2":{"line":35,"type":"cond-expr","locations":[{"start":{"line":35,"column":25},"end":{"line":35,"column":34}},{"start":{"line":35,"column":37},"end":{"line":35,"column":41}}]},"3":{"line":36,"type":"cond-expr","locations":[{"start":{"line":36,"column":23},"end":{"line":36,"column":31}},{"start":{"line":36,"column":34},"end":{"line":36,"column":38}}]},"4":{"line":53,"type":"if","locations":[{"start":{"line":53,"column":4},"end":{"line":53,"column":4}},{"start":{"line":53,"column":4},"end":{"line":53,"column":4}}]},"5":{"line":62,"type":"if","locations":[{"start":{"line":62,"column":3},"end":{"line":62,"column":3}},{"start":{"line":62,"column":3},"end":{"line":62,"column":3}}]}}},"/home/mingram/Documents/olinjs/lessons/07-apis-debugging/homework/models/userModel.js":{"path":"/home/mingram/Documents/olinjs/lessons/07-apis-debugging/homework/models/userModel.js","s":{"1":1,"2":1,"3":1,"4":1,"5":0,"6":1,"7":0,"8":1},"b":{},"f":{"1":0,"2":0},"fnMap":{"1":{"name":"(anonymous_1)","line":22,"loc":{"start":{"line":22,"column":34},"end":{"line":22,"column":53}}},"2":{"name":"(anonymous_2)","line":27,"loc":{"start":{"line":27,"column":35},"end":{"line":27,"column":54}}}},"statementMap":{"1":{"start":{"line":1,"column":0},"end":{"line":1,"column":35}},"2":{"start":{"line":2,"column":0},"end":{"line":2,"column":40}},"3":{"start":{"line":5,"column":0},"end":{"line":18,"column":3}},"4":{"start":{"line":22,"column":0},"end":{"line":24,"column":2}},"5":{"start":{"line":23,"column":4},"end":{"line":23,"column":66}},"6":{"start":{"line":27,"column":0},"end":{"line":29,"column":2}},"7":{"start":{"line":28,"column":4},"end":{"line":28,"column":61}},"8":{"start":{"line":33,"column":0},"end":{"line":33,"column":52}}},"branchMap":{}},"/home/mingram/Documents/olinjs/lessons/07-apis-debugging/homework/models/twoteModel.js":{"path":"/home/mingram/Documents/olinjs/lessons/07-apis-debugging/homework/models/twoteModel.js","s":{"1":1,"2":1,"3":1,"4":0,"5":1},"b":{},"f":{"1":0},"fnMap":{"1":{"name":"(anonymous_1)","line":9,"loc":{"start":{"line":9,"column":26},"end":{"line":9,"column":41}}}},"statementMap":{"1":{"start":{"line":1,"column":0},"end":{"line":1,"column":35}},"2":{"start":{"line":4,"column":0},"end":{"line":7,"column":3}},"3":{"start":{"line":9,"column":0},"end":{"line":12,"column":3}},"4":{"start":{"line":11,"column":4},"end":{"line":11,"column":89}},"5":{"start":{"line":14,"column":0},"end":{"line":14,"column":54}}},"branchMap":{}},"/home/mingram/Documents/olinjs/lessons/07-apis-debugging/homework/routes/authRoutes.js":{"path":"/home/mingram/Documents/olinjs/lessons/07-apis-debugging/homework/routes/authRoutes.js","s":{"1":1,"2":1,"3":1,"4":1,"5":1,"6":0,"7":0,"8":1,"9":0,"10":1,"11":0,"12":0,"13":0,"14":1,"15":1,"16":1},"b":{"1":[0,0]},"f":{"1":0,"2":0,"3":0},"fnMap":{"1":{"name":"(anonymous_1)","line":7,"loc":{"start":{"line":7,"column":16},"end":{"line":7,"column":35}}},"2":{"name":"(anonymous_2)","line":12,"loc":{"start":{"line":12,"column":14},"end":{"line":12,"column":33}}},"3":{"name":"(anonymous_3)","line":16,"loc":{"start":{"line":16,"column":26},"end":{"line":16,"column":51}}}},"statementMap":{"1":{"start":{"line":1,"column":0},"end":{"line":1,"column":33}},"2":{"start":{"line":2,"column":0},"end":{"line":2,"column":35}},"3":{"start":{"line":3,"column":0},"end":{"line":3,"column":30}},"4":{"start":{"line":5,"column":0},"end":{"line":5,"column":24}},"5":{"start":{"line":7,"column":0},"end":{"line":10,"column":1}},"6":{"start":{"line":8,"column":1},"end":{"line":8,"column":14}},"7":{"start":{"line":9,"column":4},"end":{"line":9,"column":22}},"8":{"start":{"line":12,"column":0},"end":{"line":14,"column":1}},"9":{"start":{"line":13,"column":1},"end":{"line":13,"column":20}},"10":{"start":{"line":16,"column":0},"end":{"line":19,"column":1}},"11":{"start":{"line":17,"column":2},"end":{"line":17,"column":47}},"12":{"start":{"line":17,"column":31},"end":{"line":17,"column":45}},"13":{"start":{"line":18,"column":4},"end":{"line":18,"column":18}},"14":{"start":{"line":21,"column":0},"end":{"line":21,"column":34}},"15":{"start":{"line":22,"column":0},"end":{"line":22,"column":30}},"16":{"start":{"line":23,"column":0},"end":{"line":23,"column":57}}},"branchMap":{"1":{"line":17,"type":"if","locations":[{"start":{"line":17,"column":2},"end":{"line":17,"column":2}},{"start":{"line":17,"column":2},"end":{"line":17,"column":2}}]}}},"/home/mingram/Documents/olinjs/lessons/07-apis-debugging/homework/config/auth.js":{"path":"/home/mingram/Documents/olinjs/lessons/07-apis-debugging/homework/config/auth.js","s":{"1":1},"b":{},"f":{},"fnMap":{},"statementMap":{"1":{"start":{"line":1,"column":0},"end":{"line":7,"column":2}}},"branchMap":{}},"/home/mingram/Documents/olinjs/lessons/07-apis-debugging/homework/config/passportConfig.js":{"path":"/home/mingram/Documents/olinjs/lessons/07-apis-debugging/homework/config/passportConfig.js","s":{"1":1,"2":1,"3":1,"4":1,"5":1,"6":0,"7":0,"8":0,"9":0,"10":0,"11":0,"12":0,"13":0,"14":0,"15":0,"16":0,"17":1,"18":1,"19":0,"20":1,"21":0,"22":0,"23":1,"24":0,"25":0,"26":0,"27":0,"28":0,"29":0,"30":0,"31":0,"32":0,"33":0,"34":0,"35":0,"36":0,"37":0,"38":0,"39":0,"40":1,"41":0,"42":0,"43":0,"44":0,"45":0,"46":0,"47":0,"48":0,"49":0,"50":0,"51":0,"52":0,"53":0,"54":0,"55":0,"56":0,"57":0,"58":0,"59":0,"60":0,"61":1,"62":0,"63":0,"64":0,"65":0,"66":0,"67":0,"68":0,"69":0},"b":{"1":[0,0],"2":[0,0],"3":[0,0],"4":[0,0],"5":[0,0],"6":[0,0],"7":[0,0],"8":[0,0],"9":[0,0],"10":[0,0],"11":[0,0]},"f":{"1":0,"2":0,"3":0,"4":1,"5":0,"6":0,"7":0,"8":0,"9":0,"10":0,"11":0,"12":0,"13":0,"14":0,"15":0,"16":0,"17":0},"fnMap":{"1":{"name":"(anonymous_1)","line":10,"loc":{"start":{"line":10,"column":28},"end":{"line":10,"column":55}}},"2":{"name":"(anonymous_2)","line":12,"loc":{"start":{"line":12,"column":42},"end":{"line":12,"column":62}}},"3":{"name":"(anonymous_3)","line":16,"loc":{"start":{"line":16,"column":16},"end":{"line":16,"column":40}}},"4":{"name":"(anonymous_4)","line":28,"loc":{"start":{"line":28,"column":17},"end":{"line":28,"column":36}}},"5":{"name":"(anonymous_5)","line":31,"loc":{"start":{"line":31,"column":27},"end":{"line":31,"column":48}}},"6":{"name":"(anonymous_6)","line":36,"loc":{"start":{"line":36,"column":29},"end":{"line":36,"column":48}}},"7":{"name":"(anonymous_7)","line":37,"loc":{"start":{"line":37,"column":26},"end":{"line":37,"column":46}}},"8":{"name":"(anonymous_8)","line":48,"loc":{"start":{"line":48,"column":4},"end":{"line":48,"column":49}}},"9":{"name":"(anonymous_9)","line":51,"loc":{"start":{"line":51,"column":25},"end":{"line":51,"column":36}}},"10":{"name":"(anonymous_10)","line":54,"loc":{"start":{"line":54,"column":57},"end":{"line":54,"column":77}}},"11":{"name":"(anonymous_11)","line":75,"loc":{"start":{"line":75,"column":33},"end":{"line":75,"column":47}}},"12":{"name":"(anonymous_12)","line":95,"loc":{"start":{"line":95,"column":4},"end":{"line":95,"column":44}}},"13":{"name":"(anonymous_13)","line":101,"loc":{"start":{"line":101,"column":25},"end":{"line":101,"column":36}}},"14":{"name":"(anonymous_14)","line":105,"loc":{"start":{"line":105,"column":55},"end":{"line":105,"column":75}}},"15":{"name":"(anonymous_15)","line":126,"loc":{"start":{"line":126,"column":29},"end":{"line":126,"column":43}}},"16":{"name":"(anonymous_16)","line":145,"loc":{"start":{"line":145,"column":4},"end":{"line":145,"column":44}}},"17":{"name":"(anonymous_17)","line":149,"loc":{"start":{"line":149,"column":55},"end":{"line":149,"column":75}}}},"statementMap":{"1":{"start":{"line":2,"column":0},"end":{"line":2,"column":61}},"2":{"start":{"line":3,"column":0},"end":{"line":3,"column":55}},"3":{"start":{"line":5,"column":0},"end":{"line":5,"column":45}},"4":{"start":{"line":8,"column":0},"end":{"line":8,"column":29}},"5":{"start":{"line":10,"column":0},"end":{"line":26,"column":1}},"6":{"start":{"line":11,"column":1},"end":{"line":11,"column":46}},"7":{"start":{"line":12,"column":1},"end":{"line":24,"column":4}},"8":{"start":{"line":13,"column":2},"end":{"line":23,"column":3}},"9":{"start":{"line":14,"column":3},"end":{"line":14,"column":26}},"10":{"start":{"line":15,"column":3},"end":{"line":15,"column":63}},"11":{"start":{"line":16,"column":3},"end":{"line":18,"column":6}},"12":{"start":{"line":17,"column":4},"end":{"line":17,"column":38}},"13":{"start":{"line":17,"column":13},"end":{"line":17,"column":38}},"14":{"start":{"line":19,"column":3},"end":{"line":19,"column":23}},"15":{"start":{"line":21,"column":3},"end":{"line":21,"column":31}},"16":{"start":{"line":22,"column":3},"end":{"line":22,"column":20}},"17":{"start":{"line":28,"column":0},"end":{"line":168,"column":2}},"18":{"start":{"line":31,"column":4},"end":{"line":33,"column":7}},"19":{"start":{"line":32,"column":8},"end":{"line":32,"column":28}},"20":{"start":{"line":36,"column":4},"end":{"line":40,"column":7}},"21":{"start":{"line":37,"column":8},"end":{"line":39,"column":11}},"22":{"start":{"line":38,"column":12},"end":{"line":38,"column":28}},"23":{"start":{"line":42,"column":4},"end":{"line":87,"column":8}},"24":{"start":{"line":51,"column":8},"end":{"line":85,"column":11}},"25":{"start":{"line":54,"column":12},"end":{"line":84,"column":15}},"26":{"start":{"line":58,"column":16},"end":{"line":59,"column":37}},"27":{"start":{"line":59,"column":20},"end":{"line":59,"column":37}},"28":{"start":{"line":62,"column":16},"end":{"line":82,"column":17}},"29":{"start":{"line":63,"column":20},"end":{"line":63,"column":44}},"30":{"start":{"line":66,"column":20},"end":{"line":66,"column":56}},"31":{"start":{"line":69,"column":20},"end":{"line":69,"column":56}},"32":{"start":{"line":70,"column":20},"end":{"line":70,"column":51}},"33":{"start":{"line":71,"column":20},"end":{"line":71,"column":65}},"34":{"start":{"line":72,"column":20},"end":{"line":72,"column":69}},"35":{"start":{"line":73,"column":20},"end":{"line":73,"column":61}},"36":{"start":{"line":75,"column":20},"end":{"line":81,"column":23}},"37":{"start":{"line":76,"column":24},"end":{"line":77,"column":38}},"38":{"start":{"line":77,"column":28},"end":{"line":77,"column":38}},"39":{"start":{"line":80,"column":24},"end":{"line":80,"column":51}},"40":{"start":{"line":89,"column":4},"end":{"line":137,"column":8}},"41":{"start":{"line":96,"column":5},"end":{"line":96,"column":32}},"42":{"start":{"line":97,"column":5},"end":{"line":97,"column":28}},"43":{"start":{"line":98,"column":5},"end":{"line":98,"column":28}},"44":{"start":{"line":101,"column":8},"end":{"line":135,"column":11}},"45":{"start":{"line":105,"column":8},"end":{"line":133,"column":11}},"46":{"start":{"line":107,"column":12},"end":{"line":108,"column":33}},"47":{"start":{"line":108,"column":16},"end":{"line":108,"column":33}},"48":{"start":{"line":111,"column":12},"end":{"line":111,"column":29}},"49":{"start":{"line":112,"column":12},"end":{"line":131,"column":13}},"50":{"start":{"line":113,"column":13},"end":{"line":113,"column":51}},"51":{"start":{"line":114,"column":16},"end":{"line":114,"column":96}},"52":{"start":{"line":116,"column":13},"end":{"line":116,"column":46}},"53":{"start":{"line":119,"column":16},"end":{"line":119,"column":52}},"54":{"start":{"line":122,"column":16},"end":{"line":122,"column":53}},"55":{"start":{"line":123,"column":16},"end":{"line":123,"column":72}},"56":{"start":{"line":124,"column":16},"end":{"line":124,"column":46}},"57":{"start":{"line":126,"column":16},"end":{"line":130,"column":19}},"58":{"start":{"line":127,"column":20},"end":{"line":128,"column":34}},"59":{"start":{"line":128,"column":24},"end":{"line":128,"column":34}},"60":{"start":{"line":129,"column":20},"end":{"line":129,"column":47}},"61":{"start":{"line":139,"column":4},"end":{"line":166,"column":8}},"62":{"start":{"line":149,"column":8},"end":{"line":164,"column":11}},"63":{"start":{"line":151,"column":12},"end":{"line":152,"column":33}},"64":{"start":{"line":152,"column":16},"end":{"line":152,"column":33}},"65":{"start":{"line":155,"column":12},"end":{"line":156,"column":79}},"66":{"start":{"line":156,"column":16},"end":{"line":156,"column":79}},"67":{"start":{"line":159,"column":12},"end":{"line":160,"column":86}},"68":{"start":{"line":160,"column":16},"end":{"line":160,"column":86}},"69":{"start":{"line":163,"column":12},"end":{"line":163,"column":36}}},"branchMap":{"1":{"line":13,"type":"if","locations":[{"start":{"line":13,"column":2},"end":{"line":13,"column":2}},{"start":{"line":13,"column":2},"end":{"line":13,"column":2}}]},"2":{"line":17,"type":"if","locations":[{"start":{"line":17,"column":4},"end":{"line":17,"column":4}},{"start":{"line":17,"column":4},"end":{"line":17,"column":4}}]},"3":{"line":58,"type":"if","locations":[{"start":{"line":58,"column":16},"end":{"line":58,"column":16}},{"start":{"line":58,"column":16},"end":{"line":58,"column":16}}]},"4":{"line":62,"type":"if","locations":[{"start":{"line":62,"column":16},"end":{"line":62,"column":16}},{"start":{"line":62,"column":16},"end":{"line":62,"column":16}}]},"5":{"line":76,"type":"if","locations":[{"start":{"line":76,"column":24},"end":{"line":76,"column":24}},{"start":{"line":76,"column":24},"end":{"line":76,"column":24}}]},"6":{"line":107,"type":"if","locations":[{"start":{"line":107,"column":12},"end":{"line":107,"column":12}},{"start":{"line":107,"column":12},"end":{"line":107,"column":12}}]},"7":{"line":112,"type":"if","locations":[{"start":{"line":112,"column":12},"end":{"line":112,"column":12}},{"start":{"line":112,"column":12},"end":{"line":112,"column":12}}]},"8":{"line":127,"type":"if","locations":[{"start":{"line":127,"column":20},"end":{"line":127,"column":20}},{"start":{"line":127,"column":20},"end":{"line":127,"column":20}}]},"9":{"line":151,"type":"if","locations":[{"start":{"line":151,"column":12},"end":{"line":151,"column":12}},{"start":{"line":151,"column":12},"end":{"line":151,"column":12}}]},"10":{"line":155,"type":"if","locations":[{"start":{"line":155,"column":12},"end":{"line":155,"column":12}},{"start":{"line":155,"column":12},"end":{"line":155,"column":12}}]},"11":{"line":159,"type":"if","locations":[{"start":{"line":159,"column":12},"end":{"line":159,"column":12}},{"start":{"line":159,"column":12},"end":{"line":159,"column":12}}]}}}}